<?xml version="1.0" encoding="UTF-8"?>
<!-- Generated by org.testng.reporters.JUnitXMLReporter -->
<testsuite ignored="6" hostname="DESKTOP-601D2VQ" failures="1" tests="2" name="Default test" time="17.01" errors="0" timestamp="2024-02-19T21:11:08 EET">
  <testcase classname="magentoWomen.testWomen" name="login" time="7.125"/>
  <testcase classname="magentoWomen.testWomen" name="itemsbyprice" time="0.008">
    <failure type="java.lang.Error" message="Unresolved compilation problems: 
	The method parseDouble(String) is undefined for the type CubicCurve2D.Double
	The method parseDouble(String) is undefined for the type CubicCurve2D.Double
">
      <![CDATA[java.lang.Error: Unresolved compilation problems: 
The method parseDouble(String) is undefined for the type CubicCurve2D.Double
The method parseDouble(String) is undefined for the type CubicCurve2D.Double

at magentoWomen.testWomen.itemsbyprice(testWomen.java:283)
at java.base/jdk.internal.reflect.NativeMethodAccessorImpl.invoke0(Native Method)
at java.base/jdk.internal.reflect.NativeMethodAccessorImpl.invoke(NativeMethodAccessorImpl.java:77)
at java.base/jdk.internal.reflect.DelegatingMethodAccessorImpl.invoke(DelegatingMethodAccessorImpl.java:43)
at java.base/java.lang.reflect.Method.invoke(Method.java:568)
at org.testng.internal.MethodInvocationHelper.invokeMethod(MethodInvocationHelper.java:133)
at org.testng.internal.TestInvoker.invokeMethod(TestInvoker.java:598)
at org.testng.internal.TestInvoker.invokeTestMethod(TestInvoker.java:173)
at org.testng.internal.MethodRunner.runInSequence(MethodRunner.java:46)
at org.testng.internal.TestInvoker$MethodInvocationAgent.invoke(TestInvoker.java:824)
at org.testng.internal.TestInvoker.invokeTestMethods(TestInvoker.java:146)
at org.testng.internal.TestMethodWorker.invokeTestMethods(TestMethodWorker.java:146)
at org.testng.internal.TestMethodWorker.run(TestMethodWorker.java:128)
at java.base/java.util.ArrayList.forEach(ArrayList.java:1511)
at org.testng.TestRunner.privateRun(TestRunner.java:794)
at org.testng.TestRunner.run(TestRunner.java:596)
at org.testng.SuiteRunner.runTest(SuiteRunner.java:377)
at org.testng.SuiteRunner.runSequentially(SuiteRunner.java:371)
at org.testng.SuiteRunner.privateRun(SuiteRunner.java:332)
at org.testng.SuiteRunner.run(SuiteRunner.java:276)
at org.testng.SuiteRunnerWorker.runSuite(SuiteRunnerWorker.java:53)
at org.testng.SuiteRunnerWorker.run(SuiteRunnerWorker.java:96)
at org.testng.TestNG.runSuitesSequentially(TestNG.java:1212)
at org.testng.TestNG.runSuitesLocally(TestNG.java:1134)
at org.testng.TestNG.runSuites(TestNG.java:1063)
at org.testng.TestNG.run(TestNG.java:1031)
at org.testng.remote.AbstractRemoteTestNG.run(AbstractRemoteTestNG.java:115)
at org.testng.remote.RemoteTestNG.initAndRun(RemoteTestNG.java:251)
at org.testng.remote.RemoteTestNG.main(RemoteTestNG.java:77)
]]>
    </failure>
  </testcase> <!-- itemsbyprice -->
  <testcase classname="magentoWomen.testWomen" name="sectionofman" time="0.0">
    <ignored/>
  </testcase> <!-- sectionofman -->
  <testcase classname="magentoWomen.testWomen" name="threerandomitems" time="0.0">
    <ignored/>
  </testcase> <!-- threerandomitems -->
  <testcase classname="magentoWomen.testWomen" name="sectionofwomen" time="0.0">
    <ignored/>
  </testcase> <!-- sectionofwomen -->
  <testcase classname="magentoWomen.testWomen" name="bagssection" time="0.0">
    <ignored/>
  </testcase> <!-- bagssection -->
  <testcase classname="magentoWomen.testWomen" name="singnup" time="0.0">
    <ignored/>
  </testcase> <!-- singnup -->
  <testcase classname="magentoWomen.testWomen" name="checkoutProcess" time="0.0">
    <ignored/>
  </testcase> <!-- checkoutProcess -->
</testsuite> <!-- Default test -->
