<?xml version="1.0" encoding="UTF-8"?>
<testng-results ignored="6" total="8" passed="1" failed="1" skipped="0">
  <reporter-output>
  </reporter-output>
  <suite started-at="2024-02-19T21:10:50 EET" name="Default suite" finished-at="2024-02-19T21:11:07 EET" duration-ms="17010">
    <groups>
    </groups>
    <test started-at="2024-02-19T21:10:50 EET" name="Default test" finished-at="2024-02-19T21:11:07 EET" duration-ms="17010">
      <class name="magentoWomen.testWomen">
        <test-method is-config="true" signature="sutup()[pri:0, instance:magentoWomen.testWomen@423e4cbb]" started-at="2024-02-19T21:10:50 EET" name="sutup" finished-at="2024-02-19T21:11:00 EET" duration-ms="9781" status="PASS">
          <reporter-output>
          </reporter-output>
        </test-method> <!-- sutup -->
        <test-method signature="login()[pri:1, instance:magentoWomen.testWomen@423e4cbb]" started-at="2024-02-19T21:11:00 EET" name="login" finished-at="2024-02-19T21:11:07 EET" duration-ms="7125" status="PASS">
          <reporter-output>
          </reporter-output>
        </test-method> <!-- login -->
        <test-method signature="itemsbyprice()[pri:2, instance:magentoWomen.testWomen@423e4cbb]" started-at="2024-02-19T21:11:07 EET" name="itemsbyprice" finished-at="2024-02-19T21:11:07 EET" duration-ms="8" status="FAIL">
          <exception class="java.lang.Error">
            <message>
              <![CDATA[Unresolved compilation problems: 
The method parseDouble(String) is undefined for the type CubicCurve2D.Double
The method parseDouble(String) is undefined for the type CubicCurve2D.Double
]]>
            </message>
            <full-stacktrace>
              <![CDATA[java.lang.Error: Unresolved compilation problems: 
The method parseDouble(String) is undefined for the type CubicCurve2D.Double
The method parseDouble(String) is undefined for the type CubicCurve2D.Double

at magentoWomen.testWomen.itemsbyprice(testWomen.java:283)
at java.base/jdk.internal.reflect.NativeMethodAccessorImpl.invoke0(Native Method)
at java.base/jdk.internal.reflect.NativeMethodAccessorImpl.invoke(NativeMethodAccessorImpl.java:77)
at java.base/jdk.internal.reflect.DelegatingMethodAccessorImpl.invoke(DelegatingMethodAccessorImpl.java:43)
at java.base/java.lang.reflect.Method.invoke(Method.java:568)
at org.testng.internal.MethodInvocationHelper.invokeMethod(MethodInvocationHelper.java:133)
at org.testng.internal.TestInvoker.invokeMethod(TestInvoker.java:598)
at org.testng.internal.TestInvoker.invokeTestMethod(TestInvoker.java:173)
at org.testng.internal.MethodRunner.runInSequence(MethodRunner.java:46)
at org.testng.internal.TestInvoker$MethodInvocationAgent.invoke(TestInvoker.java:824)
at org.testng.internal.TestInvoker.invokeTestMethods(TestInvoker.java:146)
at org.testng.internal.TestMethodWorker.invokeTestMethods(TestMethodWorker.java:146)
at org.testng.internal.TestMethodWorker.run(TestMethodWorker.java:128)
at java.base/java.util.ArrayList.forEach(ArrayList.java:1511)
at org.testng.TestRunner.privateRun(TestRunner.java:794)
at org.testng.TestRunner.run(TestRunner.java:596)
at org.testng.SuiteRunner.runTest(SuiteRunner.java:377)
at org.testng.SuiteRunner.runSequentially(SuiteRunner.java:371)
at org.testng.SuiteRunner.privateRun(SuiteRunner.java:332)
at org.testng.SuiteRunner.run(SuiteRunner.java:276)
at org.testng.SuiteRunnerWorker.runSuite(SuiteRunnerWorker.java:53)
at org.testng.SuiteRunnerWorker.run(SuiteRunnerWorker.java:96)
at org.testng.TestNG.runSuitesSequentially(TestNG.java:1212)
at org.testng.TestNG.runSuitesLocally(TestNG.java:1134)
at org.testng.TestNG.runSuites(TestNG.java:1063)
at org.testng.TestNG.run(TestNG.java:1031)
at org.testng.remote.AbstractRemoteTestNG.run(AbstractRemoteTestNG.java:115)
at org.testng.remote.RemoteTestNG.initAndRun(RemoteTestNG.java:251)
at org.testng.remote.RemoteTestNG.main(RemoteTestNG.java:77)
]]>
            </full-stacktrace>
          </exception> <!-- java.lang.Error -->
          <reporter-output>
          </reporter-output>
        </test-method> <!-- itemsbyprice -->
        <test-method is-config="true" signature="enftest()[pri:0, instance:magentoWomen.testWomen@423e4cbb]" started-at="2024-02-19T21:11:07 EET" name="enftest" finished-at="2024-02-19T21:11:07 EET" duration-ms="0" status="PASS">
          <reporter-output>
          </reporter-output>
        </test-method> <!-- enftest -->
      </class> <!-- magentoWomen.testWomen -->
    </test> <!-- Default test -->
  </suite> <!-- Default suite -->
</testng-results>
